<?xml version="1.0" encoding="UTF-8"?>
<testng-results skipped="0" failed="0" total="1" passed="1">
  <reporter-output>
  </reporter-output>
  <suite name="Default suite" duration-ms="6791" started-at="2013-11-06T13:59:46Z" finished-at="2013-11-06T13:59:53Z">
    <groups>
    </groups>
    <test name="Default test" duration-ms="6791" started-at="2013-11-06T13:59:46Z" finished-at="2013-11-06T13:59:53Z">
      <class name="com.epam.preproduction.tests.SortTest">
        <test-method status="PASS" signature="setUp()[pri:0, instance:com.epam.preproduction.tests.SortTest@4568f8]" name="setUp" is-config="true" duration-ms="5978" started-at="2013-11-06T15:59:46Z" finished-at="2013-11-06T15:59:52Z">
          <reporter-output>
          </reporter-output>
        </test-method> <!-- setUp -->
        <test-method status="PASS" signature="testSorting(java.lang.String, java.lang.String)[pri:0, instance:com.epam.preproduction.tests.SortTest@4568f8]" name="testSorting" duration-ms="167" started-at="2013-11-06T15:59:53Z" data-provider="readFromExcel" finished-at="2013-11-06T15:59:53Z">
          <params>
            <param index="0">
              <value>
                <![CDATA[Бытовая техника]]>
              </value>
            </param>
            <param index="1">
              <value>
                <![CDATA[Холодильники]]>
              </value>
            </param>
          </params>
          <reporter-output>
          </reporter-output>
        </test-method> <!-- testSorting -->
        <test-method status="PASS" signature="tearDown()[pri:0, instance:com.epam.preproduction.tests.SortTest@4568f8]" name="tearDown" is-config="true" duration-ms="216" started-at="2013-11-06T15:59:53Z" finished-at="2013-11-06T15:59:53Z">
          <reporter-output>
          </reporter-output>
        </test-method> <!-- tearDown -->
      </class> <!-- com.epam.preproduction.tests.SortTest -->
    </test> <!-- Default test -->
  </suite> <!-- Default suite -->
</testng-results>
